<?xml version="1.0" encoding="UTF-8"?>
<coverage generated="1728991759754" clover="3.2.0">
  <project timestamp="1728991759754" name="All files">
    <metrics statements="83" coveredstatements="46" conditionals="18" coveredconditionals="1" methods="53" coveredmethods="24" elements="154" coveredelements="71" complexity="0" loc="83" ncloc="83" packages="1" files="2" classes="2"/>
    <file name="task-components.tsx" path="C:\Users\jorge\.vscode\web utvikling oblis\oblig 6\todo-client-tests\client\src\task-components.tsx">
      <metrics statements="40" coveredstatements="29" conditionals="0" coveredconditionals="0" methods="29" coveredmethods="19"/>
      <line num="8" count="1" type="stmt"/>
      <line num="14" count="1" type="stmt"/>
      <line num="17" count="2" type="stmt"/>
      <line num="21" count="3" type="stmt"/>
      <line num="28" count="0" type="stmt"/>
      <line num="34" count="1" type="stmt"/>
      <line num="36" count="1" type="stmt"/>
      <line num="37" count="0" type="stmt"/>
      <line num="45" count="2" type="stmt"/>
      <line num="48" count="4" type="stmt"/>
      <line num="67" count="0" type="stmt"/>
      <line num="76" count="2" type="stmt"/>
      <line num="78" count="2" type="stmt"/>
      <line num="79" count="0" type="stmt"/>
      <line num="87" count="2" type="stmt"/>
      <line num="90" count="5" type="stmt"/>
      <line num="101" count="1" type="stmt"/>
      <line num="113" count="0" type="stmt"/>
      <line num="125" count="0" type="stmt"/>
      <line num="133" count="1" type="stmt"/>
      <line num="136" count="1" type="stmt"/>
      <line num="144" count="2" type="stmt"/>
      <line num="146" count="2" type="stmt"/>
      <line num="147" count="0" type="stmt"/>
      <line num="151" count="1" type="stmt"/>
      <line num="152" count="1" type="stmt"/>
      <line num="153" count="1" type="stmt"/>
      <line num="155" count="0" type="stmt"/>
      <line num="160" count="1" type="stmt"/>
      <line num="161" count="1" type="stmt"/>
      <line num="162" count="1" type="stmt"/>
      <line num="164" count="0" type="stmt"/>
      <line num="173" count="1" type="stmt"/>
      <line num="174" count="1" type="stmt"/>
      <line num="177" count="2" type="stmt"/>
      <line num="188" count="1" type="stmt"/>
      <line num="200" count="0" type="stmt"/>
      <line num="209" count="1" type="stmt"/>
      <line num="211" count="1" type="stmt"/>
      <line num="212" count="0" type="stmt"/>
    </file>
    <file name="widgets.tsx" path="C:\Users\jorge\.vscode\web utvikling oblis\oblig 6\todo-client-tests\client\src\widgets.tsx">
      <metrics statements="43" coveredstatements="17" conditionals="18" coveredconditionals="1" methods="24" coveredmethods="5"/>
      <line num="13" count="0" type="stmt"/>
      <line num="29" count="0" type="stmt"/>
      <line num="40" count="0" type="stmt"/>
      <line num="58" count="0" type="stmt"/>
      <line num="89" count="0" type="stmt"/>
      <line num="120" count="0" type="stmt"/>
      <line num="147" count="2" type="stmt"/>
      <line num="148" count="2" type="stmt"/>
      <line num="149" count="2" type="stmt"/>
      <line num="159" count="0" type="stmt"/>
      <line num="173" count="2" type="stmt"/>
      <line num="176" count="0" type="stmt"/>
      <line num="194" count="0" type="stmt"/>
      <line num="210" count="0" type="stmt"/>
      <line num="211" count="0" type="stmt"/>
      <line num="234" count="0" type="stmt"/>
      <line num="235" count="0" type="stmt"/>
      <line num="250" count="0" type="stmt"/>
      <line num="251" count="0" type="stmt"/>
      <line num="274" count="0" type="stmt"/>
      <line num="275" count="0" type="stmt"/>
      <line num="287" count="2" type="stmt"/>
      <line num="288" count="2" type="stmt"/>
      <line num="289" count="2" type="stmt"/>
      <line num="290" count="2" type="stmt"/>
      <line num="291" count="2" type="stmt"/>
      <line num="300" count="4" type="stmt"/>
      <line num="301" count="4" type="stmt"/>
      <line num="304" count="14" type="stmt"/>
      <line num="307" count="15" type="stmt"/>
      <line num="316" count="2" type="stmt"/>
      <line num="329" count="0" type="stmt"/>
      <line num="330" count="0" type="stmt"/>
      <line num="331" count="0" type="cond" truecount="0" falsecount="2"/>
      <line num="340" count="0" type="stmt"/>
      <line num="341" count="0" type="stmt"/>
      <line num="342" count="0" type="cond" truecount="0" falsecount="2"/>
      <line num="351" count="0" type="stmt"/>
      <line num="352" count="0" type="stmt"/>
      <line num="353" count="0" type="cond" truecount="0" falsecount="2"/>
      <line num="362" count="5" type="stmt"/>
      <line num="363" count="5" type="stmt"/>
      <line num="364" count="5" type="cond" truecount="1" falsecount="1"/>
    </file>
  </project>
</coverage>
