TN:
SF:src\task-components.tsx
FN:16,(anonymous_0)
FN:20,(anonymous_1)
FN:28,(anonymous_2)
FN:33,(anonymous_3)
FN:36,(anonymous_4)
FN:37,(anonymous_5)
FN:47,(anonymous_6)
FN:62,(anonymous_7)
FN:67,(anonymous_8)
FN:75,(anonymous_9)
FN:78,(anonymous_10)
FN:79,(anonymous_11)
FN:89,(anonymous_12)
FN:101,(anonymous_13)
FN:112,(anonymous_14)
FN:124,(anonymous_15)
FN:133,(anonymous_16)
FN:136,(anonymous_17)
FN:143,(anonymous_18)
FN:146,(anonymous_19)
FN:147,(anonymous_20)
FN:150,(anonymous_21)
FN:159,(anonymous_22)
FN:176,(anonymous_23)
FN:188,(anonymous_24)
FN:199,(anonymous_25)
FN:208,(anonymous_26)
FN:211,(anonymous_27)
FN:212,(anonymous_28)
FNF:29
FNH:19
FNDA:2,(anonymous_0)
FNDA:3,(anonymous_1)
FNDA:0,(anonymous_2)
FNDA:1,(anonymous_3)
FNDA:1,(anonymous_4)
FNDA:0,(anonymous_5)
FNDA:4,(anonymous_6)
FNDA:0,(anonymous_7)
FNDA:0,(anonymous_8)
FNDA:2,(anonymous_9)
FNDA:2,(anonymous_10)
FNDA:0,(anonymous_11)
FNDA:5,(anonymous_12)
FNDA:1,(anonymous_13)
FNDA:0,(anonymous_14)
FNDA:0,(anonymous_15)
FNDA:1,(anonymous_16)
FNDA:1,(anonymous_17)
FNDA:2,(anonymous_18)
FNDA:2,(anonymous_19)
FNDA:0,(anonymous_20)
FNDA:1,(anonymous_21)
FNDA:1,(anonymous_22)
FNDA:2,(anonymous_23)
FNDA:1,(anonymous_24)
FNDA:0,(anonymous_25)
FNDA:1,(anonymous_26)
FNDA:1,(anonymous_27)
FNDA:0,(anonymous_28)
DA:8,1
DA:14,1
DA:17,2
DA:21,3
DA:28,0
DA:34,1
DA:36,1
DA:37,0
DA:45,2
DA:48,4
DA:67,0
DA:76,2
DA:78,2
DA:79,0
DA:87,2
DA:90,5
DA:101,1
DA:113,0
DA:125,0
DA:133,1
DA:136,1
DA:144,2
DA:146,2
DA:147,0
DA:151,1
DA:152,1
DA:153,1
DA:155,0
DA:160,1
DA:161,1
DA:162,1
DA:164,0
DA:173,1
DA:174,1
DA:177,2
DA:188,1
DA:200,0
DA:209,1
DA:211,1
DA:212,0
LF:40
LH:29
BRF:0
BRH:0
end_of_record
TN:
SF:src\widgets.tsx
FN:12,(anonymous_0)
FN:28,(anonymous_1)
FN:39,(anonymous_2)
FN:57,(anonymous_3)
FN:88,(anonymous_4)
FN:119,(anonymous_5)
FN:158,(anonymous_6)
FN:175,(anonymous_7)
FN:193,(anonymous_8)
FN:207,(anonymous_9)
FN:231,(anonymous_10)
FN:247,(anonymous_11)
FN:271,(anonymous_12)
FN:303,(anonymous_13)
FN:306,(anonymous_14)
FN:316,(anonymous_15)
FN:327,(anonymous_16)
FN:329,(anonymous_17)
FN:338,(anonymous_18)
FN:340,(anonymous_19)
FN:349,(anonymous_20)
FN:351,(anonymous_21)
FN:360,(anonymous_22)
FN:362,(anonymous_23)
FNF:24
FNH:5
FNDA:0,(anonymous_0)
FNDA:0,(anonymous_1)
FNDA:0,(anonymous_2)
FNDA:0,(anonymous_3)
FNDA:0,(anonymous_4)
FNDA:0,(anonymous_5)
FNDA:0,(anonymous_6)
FNDA:0,(anonymous_7)
FNDA:0,(anonymous_8)
FNDA:0,(anonymous_9)
FNDA:0,(anonymous_10)
FNDA:0,(anonymous_11)
FNDA:0,(anonymous_12)
FNDA:14,(anonymous_13)
FNDA:15,(anonymous_14)
FNDA:2,(anonymous_15)
FNDA:0,(anonymous_16)
FNDA:0,(anonymous_17)
FNDA:0,(anonymous_18)
FNDA:0,(anonymous_19)
FNDA:0,(anonymous_20)
FNDA:0,(anonymous_21)
FNDA:5,(anonymous_22)
FNDA:5,(anonymous_23)
DA:13,0
DA:29,0
DA:40,0
DA:58,0
DA:89,0
DA:120,0
DA:147,2
DA:148,2
DA:149,2
DA:159,0
DA:173,2
DA:176,0
DA:194,0
DA:210,0
DA:211,0
DA:234,0
DA:235,0
DA:250,0
DA:251,0
DA:274,0
DA:275,0
DA:287,2
DA:288,2
DA:289,2
DA:290,2
DA:291,2
DA:300,4
DA:301,4
DA:304,14
DA:307,15
DA:316,2
DA:329,0
DA:330,0
DA:331,0
DA:340,0
DA:341,0
DA:342,0
DA:351,0
DA:352,0
DA:353,0
DA:362,5
DA:363,5
DA:364,5
LF:43
LH:17
BRDA:41,0,0,0
BRDA:41,0,1,0
BRDA:42,1,0,0
BRDA:42,1,1,0
BRDA:63,2,0,0
BRDA:63,2,1,0
BRDA:94,3,0,0
BRDA:94,3,1,0
BRDA:125,4,0,0
BRDA:125,4,1,0
BRDA:331,5,0,0
BRDA:331,5,1,0
BRDA:342,6,0,0
BRDA:342,6,1,0
BRDA:353,7,0,0
BRDA:353,7,1,0
BRDA:364,8,0,5
BRDA:364,8,1,0
BRF:18
BRH:1
end_of_record
