<?xml version="1.0" encoding="UTF-8"?>
<coverage generated="1728991789346" clover="3.2.0">
  <project timestamp="1728991789346" name="All files">
    <metrics statements="56" coveredstatements="50" conditionals="25" coveredconditionals="18" methods="31" coveredmethods="26" elements="112" coveredelements="94" complexity="0" loc="56" ncloc="56" packages="1" files="4" classes="4"/>
    <file name="app.ts" path="C:\Users\jorge\.vscode\web utvikling oblis\oblig 6\todo-client-tests\server\src\app.ts">
      <metrics statements="3" coveredstatements="3" conditionals="0" coveredconditionals="0" methods="0" coveredmethods="0"/>
      <line num="7" count="1" type="stmt"/>
      <line num="9" count="1" type="stmt"/>
      <line num="12" count="1" type="stmt"/>
    </file>
    <file name="mysql-pool.ts" path="C:\Users\jorge\.vscode\web utvikling oblis\oblig 6\todo-client-tests\server\src\mysql-pool.ts">
      <metrics statements="2" coveredstatements="2" conditionals="4" coveredconditionals="4" methods="1" coveredmethods="1"/>
      <line num="10" count="1" type="stmt"/>
      <line num="19" count="16" type="cond" truecount="4" falsecount="0"/>
    </file>
    <file name="task-router.ts" path="C:\Users\jorge\.vscode\web utvikling oblis\oblig 6\todo-client-tests\server\src\task-router.ts">
      <metrics statements="27" coveredstatements="22" conditionals="7" coveredconditionals="7" methods="15" coveredmethods="10"/>
      <line num="7" count="1" type="stmt"/>
      <line num="9" count="1" type="stmt"/>
      <line num="10" count="1" type="stmt"/>
      <line num="12" count="1" type="stmt"/>
      <line num="13" count="0" type="stmt"/>
      <line num="16" count="1" type="stmt"/>
      <line num="17" count="2" type="stmt"/>
      <line num="18" count="2" type="stmt"/>
      <line num="20" count="2" type="cond" truecount="2" falsecount="0"/>
      <line num="21" count="0" type="stmt"/>
      <line num="26" count="1" type="stmt"/>
      <line num="27" count="2" type="stmt"/>
      <line num="28" count="2" type="cond" truecount="5" falsecount="0"/>
      <line num="29" count="1" type="stmt"/>
      <line num="31" count="1" type="stmt"/>
      <line num="32" count="0" type="stmt"/>
      <line num="33" count="1" type="stmt"/>
      <line num="36" count="1" type="stmt"/>
      <line num="37" count="1" type="stmt"/>
      <line num="39" count="1" type="stmt"/>
      <line num="40" count="0" type="stmt"/>
      <line num="43" count="1" type="stmt"/>
      <line num="44" count="1" type="stmt"/>
      <line num="45" count="1" type="stmt"/>
      <line num="47" count="1" type="stmt"/>
      <line num="49" count="1" type="stmt"/>
      <line num="50" count="0" type="stmt"/>
    </file>
    <file name="task-service.ts" path="C:\Users\jorge\.vscode\web utvikling oblis\oblig 6\todo-client-tests\server\src\task-service.ts">
      <metrics statements="24" coveredstatements="23" conditionals="14" coveredconditionals="7" methods="15" coveredmethods="15"/>
      <line num="16" count="2" type="stmt"/>
      <line num="17" count="2" type="stmt"/>
      <line num="18" count="2" type="cond" truecount="1" falsecount="1"/>
      <line num="20" count="2" type="stmt"/>
      <line num="29" count="1" type="stmt"/>
      <line num="30" count="1" type="stmt"/>
      <line num="31" count="1" type="cond" truecount="1" falsecount="1"/>
      <line num="33" count="1" type="stmt"/>
      <line num="44" count="22" type="stmt"/>
      <line num="45" count="22" type="stmt"/>
      <line num="49" count="22" type="cond" truecount="1" falsecount="1"/>
      <line num="51" count="22" type="stmt"/>
      <line num="61" count="1" type="stmt"/>
      <line num="62" count="1" type="stmt"/>
      <line num="63" count="1" type="cond" truecount="1" falsecount="1"/>
      <line num="64" count="1" type="cond" truecount="1" falsecount="1"/>
      <line num="66" count="1" type="stmt"/>
      <line num="71" count="1" type="stmt"/>
      <line num="72" count="1" type="stmt"/>
      <line num="76" count="1" type="cond" truecount="1" falsecount="1"/>
      <line num="77" count="1" type="cond" truecount="1" falsecount="1"/>
      <line num="78" count="0" type="stmt"/>
      <line num="80" count="1" type="stmt"/>
      <line num="87" count="1" type="stmt"/>
    </file>
  </project>
</coverage>
