TN:
SF:src\app.ts
FNF:0
FNH:0
DA:7,1
DA:9,1
DA:12,1
LF:3
LH:3
BRF:0
BRH:0
end_of_record
TN:
SF:src\mysql-pool.ts
FN:18,(anonymous_0)
FNF:1
FNH:1
FNDA:16,(anonymous_0)
DA:10,1
DA:19,16
LF:2
LH:2
BRDA:19,0,0,4
BRDA:19,0,1,12
BRDA:19,1,0,16
BRDA:19,1,1,4
BRF:4
BRH:4
end_of_record
TN:
SF:src\task-router.ts
FN:9,(anonymous_0)
FN:12,(anonymous_1)
FN:13,(anonymous_2)
FN:16,(anonymous_3)
FN:20,(anonymous_4)
FN:21,(anonymous_5)
FN:26,(anonymous_6)
FN:31,(anonymous_7)
FN:32,(anonymous_8)
FN:36,(anonymous_9)
FN:39,(anonymous_10)
FN:40,(anonymous_11)
FN:43,(anonymous_12)
FN:49,(anonymous_13)
FN:50,(anonymous_14)
FNF:15
FNH:10
FNDA:1,(anonymous_0)
FNDA:1,(anonymous_1)
FNDA:0,(anonymous_2)
FNDA:2,(anonymous_3)
FNDA:2,(anonymous_4)
FNDA:0,(anonymous_5)
FNDA:2,(anonymous_6)
FNDA:1,(anonymous_7)
FNDA:0,(anonymous_8)
FNDA:1,(anonymous_9)
FNDA:1,(anonymous_10)
FNDA:0,(anonymous_11)
FNDA:1,(anonymous_12)
FNDA:1,(anonymous_13)
FNDA:0,(anonymous_14)
DA:7,1
DA:9,1
DA:10,1
DA:12,1
DA:13,0
DA:16,1
DA:17,2
DA:18,2
DA:20,2
DA:21,0
DA:26,1
DA:27,2
DA:28,2
DA:29,1
DA:31,1
DA:32,0
DA:33,1
DA:36,1
DA:37,1
DA:39,1
DA:40,0
DA:43,1
DA:44,1
DA:45,1
DA:47,1
DA:49,1
DA:50,0
LF:27
LH:22
BRDA:20,0,0,1
BRDA:20,0,1,1
BRDA:28,1,0,1
BRDA:28,1,1,1
BRDA:28,2,0,2
BRDA:28,2,1,2
BRDA:28,2,2,1
BRF:7
BRH:7
end_of_record
TN:
SF:src\task-service.ts
FN:15,(anonymous_0)
FN:16,(anonymous_1)
FN:17,(anonymous_2)
FN:28,(anonymous_3)
FN:29,(anonymous_4)
FN:30,(anonymous_5)
FN:43,(anonymous_6)
FN:44,(anonymous_7)
FN:48,(anonymous_8)
FN:60,(anonymous_9)
FN:61,(anonymous_10)
FN:62,(anonymous_11)
FN:70,(anonymous_12)
FN:71,(anonymous_13)
FN:75,(anonymous_14)
FNF:15
FNH:15
FNDA:2,(anonymous_0)
FNDA:2,(anonymous_1)
FNDA:2,(anonymous_2)
FNDA:1,(anonymous_3)
FNDA:1,(anonymous_4)
FNDA:1,(anonymous_5)
FNDA:22,(anonymous_6)
FNDA:22,(anonymous_7)
FNDA:22,(anonymous_8)
FNDA:1,(anonymous_9)
FNDA:1,(anonymous_10)
FNDA:1,(anonymous_11)
FNDA:1,(anonymous_12)
FNDA:1,(anonymous_13)
FNDA:1,(anonymous_14)
DA:16,2
DA:17,2
DA:18,2
DA:20,2
DA:29,1
DA:30,1
DA:31,1
DA:33,1
DA:44,22
DA:45,22
DA:49,22
DA:51,22
DA:61,1
DA:62,1
DA:63,1
DA:64,1
DA:66,1
DA:71,1
DA:72,1
DA:76,1
DA:77,1
DA:78,0
DA:80,1
DA:87,1
LF:24
LH:23
BRDA:18,0,0,0
BRDA:18,0,1,2
BRDA:31,1,0,0
BRDA:31,1,1,1
BRDA:49,2,0,0
BRDA:49,2,1,22
BRDA:63,3,0,0
BRDA:63,3,1,1
BRDA:64,4,0,0
BRDA:64,4,1,1
BRDA:76,5,0,0
BRDA:76,5,1,1
BRDA:77,6,0,0
BRDA:77,6,1,1
BRF:14
BRH:7
end_of_record
